PREÇO ALTERADO ~~> TR CODIGOBARRAS: 1 - DESCRICAO:macaxeira com charque - R$ 23 - PREÇO C/ DESCONTO: R$ 0 - ESTOQUE: 33 
PREÇO ALTERADO ~~> TR CODIGOBARRAS: 2 - DESCRICAO:macaxeira com charque - R$ 40 - PREÇO C/ DESCONTO: R$ 0 - ESTOQUE: 33 
PREÇO ALTERADO ~~> TR CODIGOBARRAS: 5 - DESCRICAO:caldo com charque - R$ 40 - PREÇO C/ DESCONTO: R$ 0 - ESTOQUE: 33 
PREÇO ALTERADO ~~> TR CODIGOBARRAS: 6 - DESCRICAO:caldo com sururu - R$ 40 - PREÇO C/ DESCONTO: R$ 0 - ESTOQUE: 33 
PREÇO ALTERADO ~~> TR CODIGOBARRAS: 7 - DESCRICAO:caldo de cana - R$ 41 - PREÇO C/ DESCONTO: R$ 0 - ESTOQUE: 33 
PREÇO ALTERADO ~~> TR CODIGOBARRAS: 8 - DESCRICAO:feijao verde - R$ 32 - PREÇO C/ DESCONTO: R$ 0 - ESTOQUE: 33 
PREÇO ALTERADO ~~> TR CODIGOBARRAS: 9 - DESCRICAO:feijao preto - R$ 77 - PREÇO C/ DESCONTO: R$ 0 - ESTOQUE: 33 
PREÇO ALTERADO ~~> TR CODIGOBARRAS: undefined - DESCRICAO:arroz com ovos - R$ 23 - PREÇO C/ DESCONTO: R$ 0 - ESTOQUE: NaN 
PREÇO ALTERADO ~~> TR CODIGOBARRAS: wert2322 - DESCRICAO:arroz com ovos e queijo - R$ 30 - PREÇO C/ DESCONTO: R$ 0 - ESTOQUE: NaN 
PREÇO ALTERADO ~~> TR CODIGOBARRAS: 12345678 - DESCRICAO:coca cola - R$ 3.99 - PREÇO C/ DESCONTO: R$ 0 - ESTOQUE: NaN 
PREÇO ALTERADO ~~> TR CODIGOBARRAS: 12345672 - DESCRICAO:coca cola - R$ 3.99 - PREÇO C/ DESCONTO: R$ 0 - ESTOQUE: NaN 
PREÇO ALTERADO ~~> TR CODIGOBARRAS: 000 - DESCRICAO:coca cola lata - R$ 1.99 - PREÇO C/ DESCONTO: R$ 0 - ESTOQUE: NaN 
PREÇO ALTERADO ~~> TR CODIGOBARRAS: undefined - DESCRICAO:coxinha de frango - R$ 2.99 - PREÇO C/ DESCONTO: R$ 0 - ESTOQUE: NaN 
PREÇO ALTERADO ~~> TR CODIGOBARRAS: 1 - DESCRICAO:macaxeira com charque - R$ 23 - PREÇO C/ DESCONTO: R$ 0 - ESTOQUE: 33 
PREÇO ALTERADO ~~> TR CODIGOBARRAS: 2 - DESCRICAO:macaxeira com charque - R$ 40 - PREÇO C/ DESCONTO: R$ 0 - ESTOQUE: 33 
PREÇO ALTERADO ~~> TR CODIGOBARRAS: 5 - DESCRICAO:caldo com charque - R$ 40 - PREÇO C/ DESCONTO: R$ 0 - ESTOQUE: 33 
PREÇO ALTERADO ~~> TR CODIGOBARRAS: 6 - DESCRICAO:caldo com sururu - R$ 40 - PREÇO C/ DESCONTO: R$ 0 - ESTOQUE: 33 
PREÇO ALTERADO ~~> TR CODIGOBARRAS: 7 - DESCRICAO:caldo de cana - R$ 41 - PREÇO C/ DESCONTO: R$ 0 - ESTOQUE: 33 
PREÇO ALTERADO ~~> TR CODIGOBARRAS: 8 - DESCRICAO:feijao verde - R$ 32 - PREÇO C/ DESCONTO: R$ 0 - ESTOQUE: 33 
PREÇO ALTERADO ~~> TR CODIGOBARRAS: 9 - DESCRICAO:feijao preto - R$ 77 - PREÇO C/ DESCONTO: R$ 0 - ESTOQUE: 33 
PREÇO ALTERADO ~~> TR CODIGOBARRAS: undefined - DESCRICAO:arroz com ovos - R$ 23 - PREÇO C/ DESCONTO: R$ 0 - ESTOQUE: NaN 
PREÇO ALTERADO ~~> TR CODIGOBARRAS: wert2322 - DESCRICAO:arroz com ovos e queijo - R$ 30 - PREÇO C/ DESCONTO: R$ 0 - ESTOQUE: NaN 
PREÇO ALTERADO ~~> TR CODIGOBARRAS: 12345678 - DESCRICAO:coca cola - R$ 3.99 - PREÇO C/ DESCONTO: R$ 0 - ESTOQUE: NaN 
PREÇO ALTERADO ~~> TR CODIGOBARRAS: 12345672 - DESCRICAO:coca cola - R$ 3.99 - PREÇO C/ DESCONTO: R$ 0 - ESTOQUE: NaN 
PREÇO ALTERADO ~~> TR CODIGOBARRAS: 000 - DESCRICAO:coca cola lata - R$ 1.99 - PREÇO C/ DESCONTO: R$ 0 - ESTOQUE: NaN 
PREÇO ALTERADO ~~> TR CODIGOBARRAS: undefined - DESCRICAO:coxinha de frango - R$ 2.99 - PREÇO C/ DESCONTO: R$ 0 - ESTOQUE: NaN 
