PREÇO ALTERADO ~~> TR CODIGOBARRAS: 33763 - DESCRICAO:CHICLETS VARIADOS NF - R$ 0.4 - PREÇO C/ DESCONTO: R$ 0 - ESTOQUE: 298 
PREÇO ALTERADO ~~> TR CODIGOBARRAS: 1379 - DESCRICAO:BUSCOPAN CPR SIMPLES UNIDADE - R$ 1 - PREÇO C/ DESCONTO: R$ 0 - ESTOQUE: 21 
PREÇO ALTERADO ~~> TR CODIGOBARRAS: 39819 - DESCRICAO:CANETA BIC CRISTAL NF PRETA - R$ 1 - PREÇO C/ DESCONTO: R$ 0 - ESTOQUE: 50 
PREÇO ALTERADO ~~> TR CODIGOBARRAS: 40541 - DESCRICAO:BARRA DE CHOCOLATE CARIBE 28G - R$ 1.4 - PREÇO C/ DESCONTO: R$ 1 - ESTOQUE: 1 
PREÇO ALTERADO ~~> TR CODIGOBARRAS: 28069 - DESCRICAO:ENFEITE NATALINO ESTRELA COM GOTA NA PONTA - R$ 2.99 - PREÇO C/ DESCONTO: R$ 0 - ESTOQUE: 0 
PREÇO ALTERADO ~~> TR CODIGOBARRAS: 40355 - DESCRICAO:SACOLA PLAT 14X27 C/8 CARROS - R$ 3.25 - PREÇO C/ DESCONTO: R$ 0 - ESTOQUE: 111 
PREÇO ALTERADO ~~> TR CODIGOBARRAS: 44661 - DESCRICAO:JOGO DINHEIRINHO NA CARTELA NF 50PCS - R$ 3.99 - PREÇO C/ DESCONTO: R$ 0 - ESTOQUE: 111 
PREÇO ALTERADO ~~> TR CODIGOBARRAS: 48109 - DESCRICAO:PILHA RAYOVAC 2A ALCALINA UNID - R$ 4 - PREÇO C/ DESCONTO: R$ 0 - ESTOQUE: 200 
PREÇO ALTERADO ~~> TR CODIGOBARRAS: 14687 - DESCRICAO:TABUADA ESTUDANTE - R$ 4 - PREÇO C/ DESCONTO: R$ 0 - ESTOQUE: 525 
PREÇO ALTERADO ~~> TR CODIGOBARRAS: 39878 - DESCRICAO:ALGODÃO DISCO BELLACOTTON 50UN - R$ 4.99 - PREÇO C/ DESCONTO: R$ 0 - ESTOQUE: 5 
PREÇO ALTERADO ~~> TR CODIGOBARRAS: 43010 - DESCRICAO:REGUA DELLO 30CM AZUL NF - R$ 5 - PREÇO C/ DESCONTO: R$ 0 - ESTOQUE: 1 
PREÇO ALTERADO ~~> TR CODIGOBARRAS: 293 - DESCRICAO:TESTE DE GRAVIDEZ STRIP - R$ 5 - PREÇO C/ DESCONTO: R$ 0 - ESTOQUE: 1 
PREÇO ALTERADO ~~> TR CODIGOBARRAS: 40282 - DESCRICAO:COPO PLASTICO REF 200ML AZUL C/50 - R$ 8 - PREÇO C/ DESCONTO: R$ 0 - ESTOQUE: 5 
PREÇO ALTERADO ~~> TR CODIGOBARRAS: 605 - DESCRICAO:ATADURA AMERICA GASE 30CM - R$ 8.5 - PREÇO C/ DESCONTO: R$ 7 - ESTOQUE: 7 
PREÇO ALTERADO ~~> TR CODIGOBARRAS: 38751 - DESCRICAO:GALHO NATALINO COM MACA NF - R$ 8.99 - PREÇO C/ DESCONTO: R$ 0 - ESTOQUE: 0 
PREÇO ALTERADO ~~> TR CODIGOBARRAS: 19639 - DESCRICAO:EXTRATO DE MARCELA SN - R$ 9 - PREÇO C/ DESCONTO: R$ 0 - ESTOQUE: 5 
PREÇO ALTERADO ~~> TR CODIGOBARRAS: 30295 - DESCRICAO:ESCOVA DENTAL HOT WHEELS +4 ANOS COM ESTOJO - R$ 11.99 - PREÇO C/ DESCONTO: R$ 0 - ESTOQUE: 453 
PREÇO ALTERADO ~~> TR CODIGOBARRAS: 56606 - DESCRICAO:GALHO PRATA FOLHAS TIPO PLASTICO - R$ 13.99 - PREÇO C/ DESCONTO: R$ 0 - ESTOQUE: 121 
PREÇO ALTERADO ~~> TR CODIGOBARRAS: 1601 - DESCRICAO:CLAROFT C/15ML - R$ 14 - PREÇO C/ DESCONTO: R$ 10 - ESTOQUE: 2 
PREÇO ALTERADO ~~> TR CODIGOBARRAS: 39490 - DESCRICAO:BONECA JOYCE NF COLEÇÃO TIM - R$ 14.99 - PREÇO C/ DESCONTO: R$ 13.99 - ESTOQUE: 1 
PREÇO ALTERADO ~~> TR CODIGOBARRAS: 23422 - DESCRICAO:DESD DOVE MEN CARE - R$ 15.99 - PREÇO C/ DESCONTO: R$ 0 - ESTOQUE: 11 
PREÇO ALTERADO ~~> TR CODIGOBARRAS: 44661 - DESCRICAO:JOGO DINHEIRINHO NA CARTELA NF 50PCS - R$ 3.99 - PREÇO C/ DESCONTO: R$ 0 - ESTOQUE: 111 
PREÇO ALTERADO ~~> TR CODIGOBARRAS: 39878 - DESCRICAO:ALGODÃO DISCO BELLACOTTON 50UN - R$ 4.99 - PREÇO C/ DESCONTO: R$ 0 - ESTOQUE: 5 
PREÇO ALTERADO ~~> TR CODIGOBARRAS: 43010 - DESCRICAO:REGUA DELLO 30CM AZUL NF - R$ 5 - PREÇO C/ DESCONTO: R$ 0 - ESTOQUE: 1 
PREÇO ALTERADO ~~> TR CODIGOBARRAS: 40282 - DESCRICAO:COPO PLASTICO REF 200ML AZUL C/50 - R$ 8 - PREÇO C/ DESCONTO: R$ 0 - ESTOQUE: 5 
PREÇO ALTERADO ~~> TR CODIGOBARRAS: 605 - DESCRICAO:ATADURA AMERICA GASE 30CM - R$ 8.5 - PREÇO C/ DESCONTO: R$ 7 - ESTOQUE: 7 
PREÇO ALTERADO ~~> TR CODIGOBARRAS: 19639 - DESCRICAO:EXTRATO DE MARCELA SN - R$ 9 - PREÇO C/ DESCONTO: R$ 0 - ESTOQUE: 5 
PREÇO ALTERADO ~~> TR CODIGOBARRAS: 39490 - DESCRICAO:BONECA JOYCE NF COLEÇÃO TIM - R$ 14.99 - PREÇO C/ DESCONTO: R$ 13.99 - ESTOQUE: 1 
PREÇO ALTERADO ~~> TR CODIGOBARRAS: 706 - DESCRICAO:PURAN T4 75MCG - R$ 22.34 - PREÇO C/ DESCONTO: R$ 0 - ESTOQUE: 3 
PREÇO ALTERADO ~~> TR CODIGOBARRAS: 8223 - DESCRICAO:ALBUM P/FOTOS WEDDING - R$ 40 - PREÇO C/ DESCONTO: R$ 0 - ESTOQUE: 1 
PREÇO ALTERADO ~~> TR CODIGOBARRAS: 39007 - DESCRICAO:PORTA DUREX SN - R$ 47 - PREÇO C/ DESCONTO: R$ 0 - ESTOQUE: 2 
PREÇO ALTERADO ~~> TR CODIGOBARRAS: 38138 - DESCRICAO:VELIJA 30MG 30COMP - R$ 74.36 - PREÇO C/ DESCONTO: R$ 0 - ESTOQUE: 33 
PREÇO ALTERADO ~~> TR CODIGOBARRAS: 44661 - DESCRICAO:JOGO DINHEIRINHO NA CARTELA NF 50PCS - R$ 3.99 - PREÇO C/ DESCONTO: R$ 0 - ESTOQUE: 111 
PREÇO ALTERADO ~~> TR CODIGOBARRAS: 39878 - DESCRICAO:ALGODÃO DISCO BELLACOTTON 50UN - R$ 4.99 - PREÇO C/ DESCONTO: R$ 0 - ESTOQUE: 5 
PREÇO ALTERADO ~~> TR CODIGOBARRAS: 43010 - DESCRICAO:REGUA DELLO 30CM AZUL NF - R$ 5 - PREÇO C/ DESCONTO: R$ 0 - ESTOQUE: 1 
PREÇO ALTERADO ~~> TR CODIGOBARRAS: 40282 - DESCRICAO:COPO PLASTICO REF 200ML AZUL C/50 - R$ 8 - PREÇO C/ DESCONTO: R$ 0 - ESTOQUE: 5 
PREÇO ALTERADO ~~> TR CODIGOBARRAS: 605 - DESCRICAO:ATADURA AMERICA GASE 30CM - R$ 8.5 - PREÇO C/ DESCONTO: R$ 7 - ESTOQUE: 7 
PREÇO ALTERADO ~~> TR CODIGOBARRAS: 19639 - DESCRICAO:EXTRATO DE MARCELA SN - R$ 9 - PREÇO C/ DESCONTO: R$ 0 - ESTOQUE: 5 
PREÇO ALTERADO ~~> TR CODIGOBARRAS: 39490 - DESCRICAO:BONECA JOYCE NF COLEÇÃO TIM - R$ 14.99 - PREÇO C/ DESCONTO: R$ 13.99 - ESTOQUE: 1 
PREÇO ALTERADO ~~> TR CODIGOBARRAS: 706 - DESCRICAO:PURAN T4 75MCG - R$ 22.34 - PREÇO C/ DESCONTO: R$ 0 - ESTOQUE: 3 
PREÇO ALTERADO ~~> TR CODIGOBARRAS: 8223 - DESCRICAO:ALBUM P/FOTOS WEDDING - R$ 40 - PREÇO C/ DESCONTO: R$ 0 - ESTOQUE: 1 
PREÇO ALTERADO ~~> TR CODIGOBARRAS: 39007 - DESCRICAO:PORTA DUREX SN - R$ 47 - PREÇO C/ DESCONTO: R$ 0 - ESTOQUE: 2 
PREÇO ALTERADO ~~> TR CODIGOBARRAS: 38138 - DESCRICAO:VELIJA 30MG 30COMP - R$ 74.36 - PREÇO C/ DESCONTO: R$ 0 - ESTOQUE: 33 
PREÇO ALTERADO ~~> TR CODIGOBARRAS: 38461 - DESCRICAO:BRINCO TIPO FLOR SN COM STRASS - R$ 118 - PREÇO C/ DESCONTO: R$ 0 - ESTOQUE: 1 
PREÇO ALTERADO ~~> QD ORDEM: K1DVOH -QD VALOR:45 QD Items Tabuada Estudante 
,Barra de Cereal Nutri Banana com Canela 
,X Tudo Integração 
 
PREÇO ALTERADO ~~> QD ORDEM: K1DVOH -QD VALOR:45 QD Items Tabuada Estudante 
,Barra de Cereal Nutri Banana com Canela 
,X Tudo Integração 
 
PREÇO ALTERADO ~~> QD ORDEM: K1DVOH -QD VALOR:45 QD Items Tabuada Estudante 
,Barra de Cereal Nutri Banana com Canela 
,X Tudo Integração 
 
PREÇO ALTERADO ~~> QD ORDEM: K1DVOH -QD VALOR:45 QD Items Tabuada Estudante 
,Barra de Cereal Nutri Banana com Canela 
,X Tudo Integração 
 
PREÇO ALTERADO ~~> QD ORDEM: K1DVOH -QD VALOR:45 QD Items Tabuada Estudante 
,Barra de Cereal Nutri Banana com Canela 
,X Tudo Integração 
 
PREÇO ALTERADO ~~> QD ORDEM: K1DVOH -QD VALOR:45 QD Items Tabuada Estudante 
,Barra de Cereal Nutri Banana com Canela 
,X Tudo Integração 
 
PREÇO ALTERADO ~~> QD ORDEM: K1DVOH -QD VALOR:45 QD Items Tabuada Estudante 
,Barra de Cereal Nutri Banana com Canela 
,X Tudo Integração 
 
PREÇO ALTERADO ~~> QD ORDEM: K1DVOH -QD VALOR:45 QD Items Tabuada Estudante 
,Barra de Cereal Nutri Banana com Canela 
,X Tudo Integração 
 
PREÇO ALTERADO ~~> QD ORDEM: K1DVOH -QD VALOR:45 QD Items Tabuada Estudante 
,Barra de Cereal Nutri Banana com Canela 
,X Tudo Integração 
 
PREÇO ALTERADO ~~> QD ORDEM: K1DVOH -QD VALOR:45 QD Items Tabuada Estudante 
,Barra de Cereal Nutri Banana com Canela 
,X Tudo Integração 
 
PREÇO ALTERADO ~~> QD ORDEM: K1DVOH -QD VALOR:45 QD Items Tabuada Estudante 
,Barra de Cereal Nutri Banana com Canela 
,X Tudo Integração 
 
PREÇO ALTERADO ~~> QD ORDEM: K1DVOH -QD VALOR:45 QD Items Tabuada Estudante 
,Barra de Cereal Nutri Banana com Canela 
,X Tudo Integração 
 
PREÇO ALTERADO ~~> QD ORDEM: K1DVOH -QD VALOR:45 QD Items Tabuada Estudante 
,Barra de Cereal Nutri Banana com Canela 
,X Tudo Integração 
 
PREÇO ALTERADO ~~> QD ORDEM: K1DVOH -QD VALOR:45 QD Items Tabuada Estudante 
,Barra de Cereal Nutri Banana com Canela 
,X Tudo Integração 
 
PREÇO ALTERADO ~~> QD ORDEM: K1DVOH -QD VALOR:45 QD Items Tabuada Estudante 
,Barra de Cereal Nutri Banana com Canela 
,X Tudo Integração 
 
PREÇO ALTERADO ~~> QD ORDEM: K1DVOH -QD VALOR:45 QD Items Tabuada Estudante 
,Barra de Cereal Nutri Banana com Canela 
,X Tudo Integração 
 
PREÇO ALTERADO ~~> QD ORDEM: K1DVOH -QD VALOR:45 QD Items Tabuada Estudante 
,Barra de Cereal Nutri Banana com Canela 
,X Tudo Integração 
 
PREÇO ALTERADO ~~> QD ORDEM: K1DVOH -QD VALOR:45 QD Items Tabuada Estudante 
,Barra de Cereal Nutri Banana com Canela 
,X Tudo Integração 
 
PREÇO ALTERADO ~~> QD ORDEM: K1DVOH -QD VALOR:45 QD Items Tabuada Estudante 
,Barra de Cereal Nutri Banana com Canela 
,X Tudo Integração 
 
PREÇO ALTERADO ~~> QD ORDEM: K1DVOH -QD VALOR:45 QD Items Tabuada Estudante 
,Barra de Cereal Nutri Banana com Canela 
,X Tudo Integração 
 
PREÇO ALTERADO ~~> QD ORDEM: K1DVOH -QD VALOR:45 QD Items Tabuada Estudante 
,Barra de Cereal Nutri Banana com Canela 
,X Tudo Integração 
 
PREÇO ALTERADO ~~> QD ORDEM: K1DVOH -QD VALOR:45 QD Items Tabuada Estudante 
,Barra de Cereal Nutri Banana com Canela 
,X Tudo Integração 
 
PREÇO ALTERADO ~~> QD ORDEM: K1DVOH -QD VALOR:45 QD Items Tabuada Estudante 
,Barra de Cereal Nutri Banana com Canela 
,X Tudo Integração 
 
PREÇO ALTERADO ~~> QD ORDEM: K1DVOH -QD VALOR:45 QD Items Tabuada Estudante 
,Barra de Cereal Nutri Banana com Canela 
,X Tudo Integração 
 
PREÇO ALTERADO ~~> QD ORDEM: K1DVOH -QD VALOR:45 QD Items Tabuada Estudante 
,Barra de Cereal Nutri Banana com Canela 
,X Tudo Integração 
 
PREÇO ALTERADO ~~> QD ORDEM: K1DVOH -QD VALOR:45 QD Items Tabuada Estudante 
,Barra de Cereal Nutri Banana com Canela 
,X Tudo Integração 
 
PREÇO ALTERADO ~~> QD ORDEM: K1DVOH -QD VALOR:45 QD Items Tabuada Estudante 
,Barra de Cereal Nutri Banana com Canela 
,X Tudo Integração 
 
PREÇO ALTERADO ~~> QD ORDEM: K1DVOH -QD VALOR:45 QD Items Tabuada Estudante 
,Barra de Cereal Nutri Banana com Canela 
,X Tudo Integração 
 
PREÇO ALTERADO ~~> QD ORDEM: K1DVOH -QD VALOR:45 QD Items Tabuada Estudante 
,Barra de Cereal Nutri Banana com Canela 
,X Tudo Integração 
 
PREÇO ALTERADO ~~> QD ORDEM: K1DVOH -QD VALOR:45 QD Items Tabuada Estudante 
,Barra de Cereal Nutri Banana com Canela 
,X Tudo Integração 
 
PREÇO ALTERADO ~~> QD ORDEM: K1DVOH -QD VALOR:45 QD Items Tabuada Estudante 
,Barra de Cereal Nutri Banana com Canela 
,X Tudo Integração 
 
PREÇO ALTERADO ~~> QD ORDEM: K1DVOH -QD VALOR:45 QD Items Tabuada Estudante 
,Barra de Cereal Nutri Banana com Canela 
,X Tudo Integração 
 
PREÇO ALTERADO ~~> QD ORDEM: K1DVOH -QD VALOR:45 QD Items Tabuada Estudante 
,Barra de Cereal Nutri Banana com Canela 
,X Tudo Integração 
 
PREÇO ALTERADO ~~> QD ORDEM: K1DVOH -QD VALOR:45 QD Items Tabuada Estudante 
,Barra de Cereal Nutri Banana com Canela 
,X Tudo Integração 
 
PREÇO ALTERADO ~~> QD ORDEM: K1DVOH -QD VALOR:45 QD Items Tabuada Estudante 
,Barra de Cereal Nutri Banana com Canela 
,X Tudo Integração 
 
PREÇO ALTERADO ~~> QD ORDEM: K1DVOH -QD VALOR:45 QD Items Tabuada Estudante 
,Barra de Cereal Nutri Banana com Canela 
,X Tudo Integração 
 
PREÇO ALTERADO ~~> QD ORDEM: K1DVOH -QD VALOR:45 QD Items Tabuada Estudante 
,Barra de Cereal Nutri Banana com Canela 
,X Tudo Integração 
 
PREÇO ALTERADO ~~> QD ORDEM: K1DVOH -QD VALOR:45 QD Items Tabuada Estudante 
,Barra de Cereal Nutri Banana com Canela 
,X Tudo Integração 
 
PREÇO ALTERADO ~~> QD ORDEM: K1DVOH -QD VALOR:45 QD Items Tabuada Estudante 
,Barra de Cereal Nutri Banana com Canela 
,X Tudo Integração 
 
PREÇO ALTERADO ~~> QD ORDEM: K1DVOH -QD VALOR:45 QD Items Tabuada Estudante 
,Barra de Cereal Nutri Banana com Canela 
,X Tudo Integração 
 
PREÇO ALTERADO ~~> QD ORDEM: K1DVOH -QD VALOR:45 QD Items Tabuada Estudante 
,Barra de Cereal Nutri Banana com Canela 
,X Tudo Integração 
 
PREÇO ALTERADO ~~> QD ORDEM: K1DVOH -QD VALOR:45 QD Items Tabuada Estudante 
,Barra de Cereal Nutri Banana com Canela 
,X Tudo Integração 
 
PREÇO ALTERADO ~~> QD ORDEM: K1DVOH -QD VALOR:45 QD Items Tabuada Estudante 
,Barra de Cereal Nutri Banana com Canela 
,X Tudo Integração 
 
PREÇO ALTERADO ~~> QD ORDEM: K1DVOH -QD VALOR:45 QD Items Tabuada Estudante 
,Barra de Cereal Nutri Banana com Canela 
,X Tudo Integração 
 
PREÇO ALTERADO ~~> QD ORDEM: K1DVOH -QD VALOR:45 QD Items Tabuada Estudante 
,Barra de Cereal Nutri Banana com Canela 
,X Tudo Integração 
 
PREÇO ALTERADO ~~> QD ORDEM: undefined -QD VALOR:undefined QD Items undefined 
PREÇO ALTERADO ~~> QD ORDEM: undefined -QD VALOR:undefined QD Items undefined 
PREÇO ALTERADO ~~> QD ORDEM: undefined -QD VALOR:undefined QD Items undefined 
PREÇO ALTERADO ~~> QD ORDEM: K1DVOH -QD VALOR:45 QD Items Tabuada Estudante 
,Barra de Cereal Nutri Banana com Canela 
,X Tudo Integração 
 
PREÇO ALTERADO ~~> QD ORDEM: K1DVOH -QD VALOR:45 QD Items Tabuada Estudante 
,Barra de Cereal Nutri Banana com Canela 
,X Tudo Integração 
 
PREÇO ALTERADO ~~> QD ORDEM: K1DVOH -QD VALOR:45 QD Items Tabuada Estudante 
,Barra de Cereal Nutri Banana com Canela 
,X Tudo Integração 
 
PREÇO ALTERADO ~~> QD ORDEM: K1DVOH -QD VALOR:45 QD Items Tabuada Estudante 
,Barra de Cereal Nutri Banana com Canela 
,X Tudo Integração 
 
PREÇO ALTERADO ~~> QD ORDEM: K1DVOH -QD VALOR:45 QD Items Tabuada Estudante 
,Barra de Cereal Nutri Banana com Canela 
,X Tudo Integração 
 
PREÇO ALTERADO ~~> QD ORDEM: K1DVOH -QD VALOR:45 QD Items Tabuada Estudante 
,Barra de Cereal Nutri Banana com Canela 
,X Tudo Integração 
 
PREÇO ALTERADO ~~> QD ORDEM: K1DVOH -QD VALOR:45 QD Items Tabuada Estudante 
,Barra de Cereal Nutri Banana com Canela 
,X Tudo Integração 
 
PREÇO ALTERADO ~~> QD ORDEM: K1DVOH -QD VALOR:45 QD Items Tabuada Estudante 
,Barra de Cereal Nutri Banana com Canela 
,X Tudo Integração 
 
